fwr3_16_64 trial 16 0.000000
fwr3_32_64 trial 16 0.000000
fwr3_64_64 trial 16 0.000000
fwr3_128_64 trial 16 0.003000
fwr3_256_64 trial 16 0.019000
fwr3_512_64 trial 16 0.087000
fwr3_1024_64 trial 16 0.382000
fwr3_2048_64 trial 16 1.948000
fwr3_4096_64 trial 16 12.490000
fwr3_8192_64 trial 16 91.453003
fwr1_16_16 trial 16 0.000000
fwr1_32_16 trial 16 0.000000
fwr1_64_16 trial 16 0.000000
fwr1_128_16 trial 16 0.002000
fwr1_256_16 trial 16 0.016000
fwr1_512_16 trial 16 0.095000
fwr1_1024_16 trial 16 0.569000
fwr1_2048_16 trial 16 3.438000
fwr1_4096_16 trial 16 21.627001
fwr1_8192_16 trial 16 141.235001
